<?xml version="1.0" encoding="UTF-8"?>
<!-- Generated by org.testng.reporters.JUnitXMLReporter -->
<testsuite ignored="0" hostname="DESKTOP-EHVS00V" failures="0" tests="8" name="Test" time="78.887" errors="0" timestamp="2024-09-27T12:10:41 EDT">
  <testcase classname="testCases.TC001_AccountRegistrationTest" name="verify_account_registration" time="2.81"/>
  <testcase classname="testCases.TC002_LoginTest" name="verify_login" time="2.392"/>
  <testcase classname="testCases.TC003_LoginDDT" name="verify_loginDDT" time="6.236"/>
  <testcase classname="testCases.TC003_LoginDDT" name="verify_loginDDT" time="5.836"/>
  <testcase classname="testCases.TC003_LoginDDT" name="verify_loginDDT" time="6.182"/>
  <testcase classname="testCases.TC003_LoginDDT" name="verify_loginDDT" time="14.935"/>
  <testcase classname="testCases.TC003_LoginDDT" name="verify_loginDDT" time="6.373"/>
  <testcase classname="testCases.TC003_LoginDDT" name="verify_loginDDT" time="15.074"/>
</testsuite> <!-- Test -->
